{"ts":1690704521818,"action":"FILE_OPENED","file":"/README.md","tags":{"FILE_LINE_OF_CODE":"2"}}
{"ts":1690704522239,"action":"PROJECT_OPENED","tags":{"PROJECT_NAME":"simple-tool"}}
{"ts":1690704526640,"action":"FILE_CLOSED","file":"/README.md","tags":{"FILE_LINE_OF_CODE":"2"}}
{"ts":1690704526640,"action":"FILE_OPENED","file":"/go.mod","tags":{"FILE_LINE_OF_CODE":"4"}}
{"ts":1690704527695,"action":"IDE_DEACTIVATED"}
{"ts":1690704528138,"action":"IDE_ACTIVATED"}
{"ts":1690704529265,"action":"IDE_DEACTIVATED"}
{"ts":1690704530779,"action":"IDE_ACTIVATED"}
{"ts":1690704531630,"action":"IDE_DEACTIVATED"}
{"ts":1690704532469,"action":"IDE_ACTIVATED"}
{"ts":1690704588436,"action":"FILE_CLOSED","file":"/go.mod","tags":{"FILE_LINE_OF_CODE":"4"}}
{"ts":1690704588436,"action":"FILE_OPENED","file":"/list/array_list.go","tags":{"FILE_LINE_OF_CODE":"2"}}
{"ts":1690704640009,"action":"FILE_CLOSED","file":"/list/array_list.go","tags":{"FILE_LINE_OF_CODE":"2"}}
{"ts":1690704640009,"action":"FILE_OPENED","file":"/list/types.go","tags":{"FILE_LINE_OF_CODE":"2"}}
{"ts":1690704771009,"action":"FILE_CLOSED","file":"/list/types.go","tags":{"FILE_LINE_OF_CODE":"14"}}
{"ts":1690704771009,"action":"FILE_OPENED","file":"/go.mod","tags":{"FILE_LINE_OF_CODE":"4"}}
{"ts":1690704772232,"action":"FILE_CLOSED","file":"/go.mod","tags":{"FILE_LINE_OF_CODE":"4"}}
{"ts":1690704772252,"action":"FILE_OPENED","file":"/README.md","tags":{"FILE_LINE_OF_CODE":"2"}}
{"ts":1690704773356,"action":"FILE_CLOSED","file":"/README.md","tags":{"FILE_LINE_OF_CODE":"2"}}
{"ts":1690704773356,"action":"FILE_OPENED","file":"/list/array_list.go","tags":{"FILE_LINE_OF_CODE":"2"}}
{"ts":1690704889721,"action":"FILE_CLOSED","file":"/list/array_list.go","tags":{"FILE_LINE_OF_CODE":"55"}}
{"ts":1690704889721,"action":"FILE_OPENED","file":"/internal/errs/error.go","tags":{"FILE_LINE_OF_CODE":"2"}}
{"ts":1690704986942,"action":"FILE_CLOSED","file":"/internal/errs/error.go","tags":{"FILE_LINE_OF_CODE":"8"}}
{"ts":1690704986942,"action":"FILE_OPENED","file":"/list/array_list.go","tags":{"FILE_LINE_OF_CODE":"55"}}
{"ts":1690705079198,"action":"IDE_DEACTIVATED"}
{"ts":1690705097558,"action":"IDE_ACTIVATED"}
{"ts":1690705881605,"action":"IDE_DEACTIVATED"}
{"ts":1690705898599,"action":"IDE_ACTIVATED"}
{"ts":1690706063804,"action":"IDE_DEACTIVATED"}
{"ts":1690706148073,"action":"IDE_ACTIVATED"}
{"ts":1690706150348,"action":"IDE_DEACTIVATED"}
{"ts":1690706151489,"action":"IDE_ACTIVATED"}
{"ts":1690706152278,"action":"IDE_DEACTIVATED"}
{"ts":1690706152837,"action":"IDE_ACTIVATED"}
{"ts":1690706153337,"action":"IDE_DEACTIVATED"}
{"ts":1690706210080,"action":"IDE_ACTIVATED"}
{"ts":1690706278831,"action":"IDE_DEACTIVATED"}
{"ts":1690706288485,"action":"IDE_ACTIVATED"}
{"ts":1690706389472,"action":"IDE_DEACTIVATED"}
{"ts":1690706423056,"action":"IDE_ACTIVATED"}
{"ts":1690706434350,"action":"IDE_DEACTIVATED"}
{"ts":1690706436199,"action":"IDE_ACTIVATED"}
{"ts":1690706478019,"action":"IDE_DEACTIVATED"}
{"ts":1690706480072,"action":"IDE_ACTIVATED"}
{"ts":1690706634363,"action":"IDE_DEACTIVATED"}
{"ts":1690706652211,"action":"IDE_ACTIVATED"}
{"ts":1690706871762,"action":"IDE_DEACTIVATED"}
{"ts":1690706969128,"action":"IDE_ACTIVATED"}
{"ts":1690707014668,"action":"IDE_DEACTIVATED"}
{"ts":1690707015065,"action":"IDE_ACTIVATED"}
{"ts":1690707031963,"action":"IDE_DEACTIVATED"}
{"ts":1690707054169,"action":"IDE_ACTIVATED"}
{"ts":1690707187731,"action":"FILE_CLOSED","file":"/list/array_list.go","tags":{"FILE_LINE_OF_CODE":"82"}}
{"ts":1690707230224,"action":"FILE_OPENED","file":"/list/types.go","tags":{"FILE_LINE_OF_CODE":"14"}}
{"ts":1690707231991,"action":"FILE_CLOSED","file":"/list/types.go","tags":{"FILE_LINE_OF_CODE":"14"}}
{"ts":1690707231991,"action":"FILE_OPENED","file":"/list/array_list.go","tags":{"FILE_LINE_OF_CODE":"82"}}
{"ts":1690707251197,"action":"FILE_CLOSED","file":"/list/array_list.go","tags":{"FILE_LINE_OF_CODE":"82"}}
{"ts":1690707251197,"action":"FILE_OPENED","file":"/list/types.go","tags":{"FILE_LINE_OF_CODE":"14"}}
{"ts":1690707252337,"action":"FILE_CLOSED","file":"/list/types.go","tags":{"FILE_LINE_OF_CODE":"14"}}
{"ts":1690707252337,"action":"FILE_OPENED","file":"/list/array_list.go","tags":{"FILE_LINE_OF_CODE":"82"}}
{"ts":1690707518219,"action":"IDE_DEACTIVATED"}
{"ts":1690707518250,"action":"IDE_ACTIVATED"}
{"ts":1690708001865,"action":"IDE_DEACTIVATED"}
{"ts":1690708039507,"action":"IDE_ACTIVATED"}
{"ts":1690708083766,"action":"FILE_CLOSED","file":"/list/array_list.go","tags":{"FILE_LINE_OF_CODE":"86"}}
{"ts":1690708083766,"action":"FILE_OPENED","file":"/internal/slice/shrink.go","tags":{"FILE_LINE_OF_CODE":"2"}}
{"ts":1690708191259,"action":"FILE_CLOSED","file":"/internal/shrink/shrink.go","tags":{"FILE_LINE_OF_CODE":"27"}}
{"ts":1690708191259,"action":"FILE_OPENED","file":"/list/array_list.go","tags":{"FILE_LINE_OF_CODE":"86"}}
{"ts":1690708238342,"action":"IDE_DEACTIVATED"}
{"ts":1690708259531,"action":"IDE_ACTIVATED"}
{"ts":1690708272581,"action":"IDE_DEACTIVATED"}
{"ts":1690708273428,"action":"IDE_ACTIVATED"}
{"ts":1690708315496,"action":"FILE_CLOSED","file":"/list/array_list.go","tags":{"FILE_LINE_OF_CODE":"90"}}
{"ts":1690708315496,"action":"FILE_OPENED","file":"/list/array_list_test.go","tags":{"FILE_LINE_OF_CODE":"2"}}
{"ts":1690708374473,"action":"IDE_DEACTIVATED"}
{"ts":1690708383711,"action":"IDE_ACTIVATED"}
{"ts":1690708403230,"action":"FILE_CLOSED","file":"/list/array_list_test.go","tags":{"FILE_LINE_OF_CODE":"7"}}
{"ts":1690708403230,"action":"FILE_OPENED","file":"/list/array_list.go","tags":{"FILE_LINE_OF_CODE":"90"}}
{"ts":1690708415103,"action":"IDE_DEACTIVATED"}
{"ts":1690708423320,"action":"IDE_ACTIVATED"}
{"ts":1690708429255,"action":"IDE_DEACTIVATED"}
{"ts":1690708429947,"action":"IDE_ACTIVATED"}
{"ts":1690708446718,"action":"FILE_CLOSED","file":"/list/array_list.go","tags":{"FILE_LINE_OF_CODE":"90"}}
{"ts":1690708446718,"action":"FILE_OPENED","file":"/list/array_list_test.go","tags":{"FILE_LINE_OF_CODE":"8"}}
{"ts":1690708452130,"action":"FILE_CLOSED","file":"/list/array_list_test.go","tags":{"FILE_LINE_OF_CODE":"9"}}
{"ts":1690708452130,"action":"FILE_OPENED","file":"/list/array_list.go","tags":{"FILE_LINE_OF_CODE":"90"}}
{"ts":1690708735941,"action":"FILE_CLOSED","file":"/list/array_list.go","tags":{"FILE_LINE_OF_CODE":"104"}}
{"ts":1690708735941,"action":"FILE_OPENED","file":"/list/array_list_test.go","tags":{"FILE_LINE_OF_CODE":"8"}}
{"ts":1690708739548,"action":"FILE_CLOSED","file":"/list/array_list_test.go","tags":{"FILE_LINE_OF_CODE":"8"}}
{"ts":1690708739548,"action":"FILE_OPENED","file":"/list/array_list.go","tags":{"FILE_LINE_OF_CODE":"104"}}
{"ts":1690708863042,"action":"IDE_DEACTIVATED"}
{"ts":1690708894620,"action":"IDE_ACTIVATED"}
{"ts":1690708904883,"action":"FILE_CLOSED","file":"/list/array_list.go","tags":{"FILE_LINE_OF_CODE":"112"}}
{"ts":1690708904883,"action":"FILE_OPENED","file":"/list/array_list_test.go","tags":{"FILE_LINE_OF_CODE":"8"}}
{"ts":1690708972680,"action":"FILE_CLOSED","file":"/list/array_list_test.go","tags":{"FILE_LINE_OF_CODE":"9"}}
{"ts":1690708972680,"action":"FILE_OPENED","file":"/list/types.go","tags":{"FILE_LINE_OF_CODE":"14"}}
{"ts":1690708974797,"action":"FILE_CLOSED","file":"/list/types.go","tags":{"FILE_LINE_OF_CODE":"14"}}
{"ts":1690708974797,"action":"FILE_OPENED","file":"/list/array_list.go","tags":{"FILE_LINE_OF_CODE":"112"}}
{"ts":1690709007913,"action":"FILE_CLOSED","file":"/list/array_list.go","tags":{"FILE_LINE_OF_CODE":"112"}}
{"ts":1690709007913,"action":"FILE_OPENED","file":"/math/math.go","tags":{"FILE_LINE_OF_CODE":"2"}}
{"ts":1690709014400,"action":"FILE_CLOSED","file":"/math/math.go","tags":{"FILE_LINE_OF_CODE":"5"}}
{"ts":1690709014400,"action":"FILE_OPENED","file":"/math/types.go","tags":{"FILE_LINE_OF_CODE":"2"}}
{"ts":1690709047519,"action":"IDE_DEACTIVATED"}
{"ts":1690709048228,"action":"IDE_ACTIVATED"}
{"ts":1690709049066,"action":"IDE_DEACTIVATED"}
{"ts":1690709070403,"action":"IDE_ACTIVATED"}
{"ts":1690709071024,"action":"IDE_DEACTIVATED"}
{"ts":1690709085746,"action":"IDE_ACTIVATED"}
{"ts":1690709087207,"action":"IDE_DEACTIVATED"}
{"ts":1690709089298,"action":"IDE_ACTIVATED"}
{"ts":1690709090374,"action":"IDE_DEACTIVATED"}
{"ts":1690709093404,"action":"IDE_ACTIVATED"}
{"ts":1690709098427,"action":"IDE_DEACTIVATED"}
{"ts":1690709099332,"action":"IDE_ACTIVATED"}
{"ts":1690709104997,"action":"IDE_DEACTIVATED"}
{"ts":1690709108064,"action":"IDE_ACTIVATED"}
{"ts":1690709120285,"action":"IDE_DEACTIVATED"}
{"ts":1690709120941,"action":"IDE_ACTIVATED"}
{"ts":1690709131238,"action":"IDE_DEACTIVATED"}
{"ts":1690709136814,"action":"IDE_ACTIVATED"}
{"ts":1690709142655,"action":"IDE_DEACTIVATED"}
{"ts":1690709145057,"action":"IDE_ACTIVATED"}
{"ts":1690709147859,"action":"IDE_DEACTIVATED"}
{"ts":1690709150072,"action":"IDE_ACTIVATED"}
{"ts":1690709181367,"action":"IDE_DEACTIVATED"}
{"ts":1690709183714,"action":"IDE_ACTIVATED"}
{"ts":1690709190220,"action":"FILE_CLOSED","file":"/math/types.go","tags":{"FILE_LINE_OF_CODE":"8"}}
{"ts":1690709190220,"action":"FILE_OPENED","file":"/math/math.go","tags":{"FILE_LINE_OF_CODE":"2"}}
{"ts":1690709210095,"action":"FILE_CLOSED","file":"/math/math.go","tags":{"FILE_LINE_OF_CODE":"4"}}
{"ts":1690709210095,"action":"FILE_OPENED","file":"/math/types.go","tags":{"FILE_LINE_OF_CODE":"8"}}
{"ts":1690709213229,"action":"FILE_CLOSED","file":"/math/types.go","tags":{"FILE_LINE_OF_CODE":"8"}}
{"ts":1690709213229,"action":"FILE_OPENED","file":"/math/math.go","tags":{"FILE_LINE_OF_CODE":"4"}}
{"ts":1690709224977,"action":"IDE_DEACTIVATED"}
{"ts":1690709244501,"action":"IDE_ACTIVATED"}
{"ts":1690709275112,"action":"FILE_CLOSED","file":"/math/math.go","tags":{"FILE_LINE_OF_CODE":"9"}}
{"ts":1690709275112,"action":"FILE_OPENED","file":"/math/types.go","tags":{"FILE_LINE_OF_CODE":"8"}}
{"ts":1690709283263,"action":"FILE_CLOSED","file":"/math/types.go","tags":{"FILE_LINE_OF_CODE":"7"}}
{"ts":1690709283263,"action":"FILE_OPENED","file":"/math/math.go","tags":{"FILE_LINE_OF_CODE":"9"}}
{"ts":1690709285911,"action":"FILE_CLOSED","file":"/math/math.go","tags":{"FILE_LINE_OF_CODE":"9"}}
{"ts":1690709285911,"action":"FILE_OPENED","file":"/math/types.go","tags":{"FILE_LINE_OF_CODE":"7"}}
{"ts":1690709302329,"action":"FILE_CLOSED","file":"/math/types.go","tags":{"FILE_LINE_OF_CODE":"11"}}
{"ts":1690709302329,"action":"FILE_OPENED","file":"/math/math.go","tags":{"FILE_LINE_OF_CODE":"9"}}
{"ts":1690709342112,"action":"FILE_CLOSED","file":"/math/math.go","tags":{"FILE_LINE_OF_CODE":"16"}}
{"ts":1690709342112,"action":"FILE_OPENED","file":"/math/types.go","tags":{"FILE_LINE_OF_CODE":"11"}}
{"ts":1690709343212,"action":"FILE_CLOSED","file":"/math/types.go","tags":{"FILE_LINE_OF_CODE":"11"}}
{"ts":1690709343212,"action":"FILE_OPENED","file":"/math/math.go","tags":{"FILE_LINE_OF_CODE":"16"}}
{"ts":1690709347879,"action":"FILE_CLOSED","file":"/math/math.go","tags":{"FILE_LINE_OF_CODE":"18"}}
{"ts":1690709347879,"action":"FILE_OPENED","file":"/math/types.go","tags":{"FILE_LINE_OF_CODE":"11"}}
{"ts":1690709358696,"action":"IDE_DEACTIVATED"}
{"ts":1690709360858,"action":"IDE_ACTIVATED"}
{"ts":1690709368703,"action":"FILE_CLOSED","file":"/math/types.go","tags":{"FILE_LINE_OF_CODE":"15"}}
{"ts":1690709368703,"action":"FILE_OPENED","file":"/math/math.go","tags":{"FILE_LINE_OF_CODE":"16"}}
{"ts":1690709402373,"action":"FILE_CLOSED","file":"/math/math.go","tags":{"FILE_LINE_OF_CODE":"22"}}
{"ts":1690709402373,"action":"FILE_OPENED","file":"/math/types.go","tags":{"FILE_LINE_OF_CODE":"15"}}
{"ts":1690709406002,"action":"FILE_CLOSED","file":"/math/types.go","tags":{"FILE_LINE_OF_CODE":"15"}}
{"ts":1690709406002,"action":"FILE_OPENED","file":"/math/math.go","tags":{"FILE_LINE_OF_CODE":"22"}}
{"ts":1690709408111,"action":"IDE_DEACTIVATED"}
{"ts":1690709437232,"action":"IDE_ACTIVATED"}
{"ts":1690709443723,"action":"FILE_CLOSED","file":"/math/math.go","tags":{"FILE_LINE_OF_CODE":"16"}}
{"ts":1690709443723,"action":"FILE_OPENED","file":"/math/types.go","tags":{"FILE_LINE_OF_CODE":"15"}}
{"ts":1690709454902,"action":"IDE_DEACTIVATED"}
{"ts":1690709461309,"action":"IDE_ACTIVATED"}
{"ts":1690709463361,"action":"FILE_CLOSED","file":"/math/types.go","tags":{"FILE_LINE_OF_CODE":"15"}}
{"ts":1690709463361,"action":"FILE_OPENED","file":"/math/math.go","tags":{"FILE_LINE_OF_CODE":"16"}}
{"ts":1690709470357,"action":"IDE_DEACTIVATED"}
{"ts":1690709472768,"action":"IDE_ACTIVATED"}
{"ts":1690709533397,"action":"IDE_DEACTIVATED"}
{"ts":1690709535378,"action":"IDE_ACTIVATED"}
{"ts":1690709564502,"action":"FILE_CLOSED","file":"/math/math.go","tags":{"FILE_LINE_OF_CODE":"27"}}
{"ts":1690709564502,"action":"FILE_OPENED","file":"/math/types.go","tags":{"FILE_LINE_OF_CODE":"15"}}
{"ts":1690709571273,"action":"FILE_CLOSED","file":"/math/types.go","tags":{"FILE_LINE_OF_CODE":"15"}}
{"ts":1690709571273,"action":"FILE_OPENED","file":"/math/types.go","tags":{"FILE_LINE_OF_CODE":"15"}}
{"ts":1690709573913,"action":"FILE_CLOSED","file":"/math/types.go","tags":{"FILE_LINE_OF_CODE":"15"}}
{"ts":1690709573913,"action":"FILE_OPENED","file":"/math/math.go","tags":{"FILE_LINE_OF_CODE":"27"}}
{"ts":1690709583512,"action":"IDE_DEACTIVATED"}
{"ts":1690709616724,"action":"IDE_ACTIVATED"}
{"ts":1690709620721,"action":"FILE_CLOSED","file":"/math/math.go","tags":{"FILE_LINE_OF_CODE":"27"}}
{"ts":1690709620721,"action":"FILE_OPENED","file":"/math/types.go","tags":{"FILE_LINE_OF_CODE":"15"}}
{"ts":1690709664551,"action":"FILE_CLOSED","file":"/math/types.go","tags":{"FILE_LINE_OF_CODE":"15"}}
{"ts":1690709664551,"action":"FILE_OPENED","file":"/math/math.go","tags":{"FILE_LINE_OF_CODE":"27"}}
{"ts":1690709669418,"action":"FILE_CLOSED","file":"/math/math.go","tags":{"FILE_LINE_OF_CODE":"27"}}
{"ts":1690709669418,"action":"FILE_OPENED","file":"/math/types.go","tags":{"FILE_LINE_OF_CODE":"15"}}
{"ts":1690709675302,"action":"IDE_DEACTIVATED"}
{"ts":1690709706945,"action":"IDE_ACTIVATED"}
{"ts":1690709707710,"action":"IDE_DEACTIVATED"}
{"ts":1690709770275,"action":"IDE_ACTIVATED"}
{"ts":1690709770830,"action":"IDE_DEACTIVATED"}
{"ts":1690709771310,"action":"IDE_ACTIVATED"}
{"ts":1690709771875,"action":"IDE_DEACTIVATED"}
{"ts":1690709782174,"action":"IDE_ACTIVATED"}
{"ts":1690709784587,"action":"IDE_DEACTIVATED"}
{"ts":1690709805421,"action":"IDE_ACTIVATED"}
{"ts":1690709806261,"action":"IDE_DEACTIVATED"}
{"ts":1690710064949,"action":"IDE_ACTIVATED"}
{"ts":1690710065932,"action":"FILE_CLOSED","file":"/math/types.go","tags":{"FILE_LINE_OF_CODE":"15"}}
{"ts":1690710065932,"action":"FILE_OPENED","file":"/math/math.go","tags":{"FILE_LINE_OF_CODE":"27"}}
{"ts":1690710069009,"action":"FILE_CLOSED","file":"/math/math.go","tags":{"FILE_LINE_OF_CODE":"27"}}
{"ts":1690710069009,"action":"FILE_OPENED","file":"/math/types.go","tags":{"FILE_LINE_OF_CODE":"15"}}
{"ts":1690710070524,"action":"FILE_CLOSED","file":"/math/types.go","tags":{"FILE_LINE_OF_CODE":"15"}}
{"ts":1690710070524,"action":"FILE_OPENED","file":"/math/math.go","tags":{"FILE_LINE_OF_CODE":"27"}}
{"ts":1690710079083,"action":"IDE_DEACTIVATED"}
{"ts":1690710098929,"action":"IDE_ACTIVATED"}
{"ts":1690710099431,"action":"IDE_DEACTIVATED"}
{"ts":1690710161751,"action":"IDE_ACTIVATED"}
{"ts":1690710178126,"action":"IDE_DEACTIVATED"}
{"ts":1690710179658,"action":"IDE_ACTIVATED"}
{"ts":1690710181449,"action":"IDE_DEACTIVATED"}
{"ts":1690710184582,"action":"IDE_ACTIVATED"}
{"ts":1690710186695,"action":"IDE_DEACTIVATED"}
{"ts":1690710187155,"action":"IDE_ACTIVATED"}
{"ts":1690710188640,"action":"IDE_DEACTIVATED"}
{"ts":1690710207666,"action":"IDE_ACTIVATED"}
{"ts":1690710213858,"action":"IDE_DEACTIVATED"}
{"ts":1690710215103,"action":"IDE_ACTIVATED"}
{"ts":1690710215621,"action":"IDE_DEACTIVATED"}
{"ts":1690710223494,"action":"IDE_ACTIVATED"}
{"ts":1690710253043,"action":"IDE_DEACTIVATED"}
{"ts":1690710253570,"action":"IDE_ACTIVATED"}
{"ts":1690710253995,"action":"IDE_DEACTIVATED"}
{"ts":1690710270054,"action":"IDE_ACTIVATED"}
{"ts":1690710284849,"action":"IDE_DEACTIVATED"}
{"ts":1690710284850,"action":"IDE_ACTIVATED"}
{"ts":1690710335213,"action":"IDE_DEACTIVATED"}
{"ts":1690710336155,"action":"IDE_ACTIVATED"}
{"ts":1690710336794,"action":"IDE_DEACTIVATED"}
{"ts":1690710351835,"action":"IDE_ACTIVATED"}
{"ts":1690710356351,"action":"IDE_DEACTIVATED"}
{"ts":1690710356352,"action":"IDE_ACTIVATED"}
{"ts":1690710362818,"action":"FILE_CLOSED","file":"/math/math.go","tags":{"FILE_LINE_OF_CODE":"27"}}
{"ts":1690710362819,"action":"FILE_OPENED","file":"/math/types.go","tags":{"FILE_LINE_OF_CODE":"15"}}
{"ts":1690710364199,"action":"FILE_CLOSED","file":"/math/types.go","tags":{"FILE_LINE_OF_CODE":"15"}}
{"ts":1690710364199,"action":"FILE_OPENED","file":"/math/math.go","tags":{"FILE_LINE_OF_CODE":"27"}}
{"ts":1690710373084,"action":"FILE_CLOSED","file":"/math/math.go","tags":{"FILE_LINE_OF_CODE":"29"}}
{"ts":1690710373084,"action":"FILE_OPENED","file":"/math/types.go","tags":{"FILE_LINE_OF_CODE":"15"}}
{"ts":1690710376771,"action":"FILE_CLOSED","file":"/math/types.go","tags":{"FILE_LINE_OF_CODE":"11"}}
{"ts":1690710376771,"action":"FILE_OPENED","file":"/math/math.go","tags":{"FILE_LINE_OF_CODE":"27"}}
{"ts":1690710434248,"action":"FILE_CLOSED","file":"/math/math.go","tags":{"FILE_LINE_OF_CODE":"30"}}
{"ts":1690710434248,"action":"FILE_OPENED","file":"/math/math_test.go","tags":{"FILE_LINE_OF_CODE":"2"}}
{"ts":1690710512266,"action":"FILE_OPENED","file":"/README.md","tags":{"FILE_LINE_OF_CODE":"2"}}
{"ts":1690710512889,"action":"FILE_CLOSED","file":"/README.md","tags":{"FILE_LINE_OF_CODE":"2"}}
{"ts":1690710512889,"action":"FILE_OPENED","file":"/list/array_list.go","tags":{"FILE_LINE_OF_CODE":"112"}}
{"ts":1690710514493,"action":"FILE_CLOSED","file":"/list/array_list.go","tags":{"FILE_LINE_OF_CODE":"112"}}
{"ts":1690710514495,"action":"FILE_OPENED","file":"/README.md","tags":{"FILE_LINE_OF_CODE":"2"}}
{"ts":1690710515337,"action":"FILE_CLOSED","file":"/README.md","tags":{"FILE_LINE_OF_CODE":"2"}}
{"ts":1690710515348,"action":"FILE_OPENED","file":"/list/array_list_test.go","tags":{"FILE_LINE_OF_CODE":"9"}}
{"ts":1690710520932,"action":"FILE_CLOSED","file":"/list/array_list_test.go","tags":{"FILE_LINE_OF_CODE":"9"}}
{"ts":1690710520932,"action":"FILE_OPENED","file":"/internal/shrink/shrink.go","tags":{"FILE_LINE_OF_CODE":"27"}}
{"ts":1690710525868,"action":"FILE_CLOSED","file":"/internal/shrink/shrink.go","tags":{"FILE_LINE_OF_CODE":"27"}}
{"ts":1690710525868,"action":"FILE_OPENED","file":"/list/array_list_test.go","tags":{"FILE_LINE_OF_CODE":"9"}}
{"ts":1690710531426,"action":"IDE_DEACTIVATED"}
{"ts":1690710536330,"action":"IDE_ACTIVATED"}
{"ts":1690710543063,"action":"FILE_CLOSED","file":"/list/array_list_test.go","tags":{"FILE_LINE_OF_CODE":"9"}}
{"ts":1690710551760,"action":"FILE_OPENED","file":"/list/array_list_test.go","tags":{"FILE_LINE_OF_CODE":"9"}}
{"ts":1690710569756,"action":"FILE_CLOSED","file":"/list/array_list_test.go","tags":{"FILE_LINE_OF_CODE":"9"}}
{"ts":1690710569756,"action":"FILE_OPENED","file":"/.gitignore","tags":{"FILE_LINE_OF_CODE":"0"}}
{"ts":1690710585157,"action":"IDE_DEACTIVATED"}
{"ts":1690710602688,"action":"IDE_ACTIVATED"}
